The system is: Windows - 10.0.17134 - AMD64
Compiling the C compiler identification source file "CMakeCCompilerId.c" succeeded.
Compiler: C:/Program Files (x86)/Microsoft Visual Studio/2019/Community/VC/Tools/MSVC/14.21.27702/bin/HostX64/x64/cl.exe 
Build flags: 
Id flags:  

The output was:
0
ÓÃÓÚ x64 µÄ Microsoft (R) C/C++ ÓÅ»¯±àÒëÆ÷ 19.21.27702.2 °æ
°æÈ¨ËùÓÐ(C) Microsoft Corporation¡£±£ÁôËùÓÐÈ¨Àû¡£

CMakeCCompilerId.c
Microsoft (R) Incremental Linker Version 14.21.27702.2
Copyright (C) Microsoft Corporation.  All rights reserved.

/out:CMakeCCompilerId.exe 
CMakeCCompilerId.obj 


Compilation of the C compiler identification source "CMakeCCompilerId.c" produced "CMakeCCompilerId.exe"

Compilation of the C compiler identification source "CMakeCCompilerId.c" produced "CMakeCCompilerId.obj"

The C compiler identification is MSVC, found in "E:/BaiduNetdiskDownload/study/vio/5/ç¬¬5èŠ‚BA_schur/BA_schur/out/build/x64-Debug/CMakeFiles/3.14.19050301-MSVC_2/CompilerIdC/CMakeCCompilerId.exe"

Compiling the CXX compiler identification source file "CMakeCXXCompilerId.cpp" succeeded.
Compiler: C:/Program Files (x86)/Microsoft Visual Studio/2019/Community/VC/Tools/MSVC/14.21.27702/bin/HostX64/x64/cl.exe 
Build flags: 
Id flags:  

The output was:
0
ÓÃÓÚ x64 µÄ Microsoft (R) C/C++ ÓÅ»¯±àÒëÆ÷ 19.21.27702.2 °æ
°æÈ¨ËùÓÐ(C) Microsoft Corporation¡£±£ÁôËùÓÐÈ¨Àû¡£

CMakeCXXCompilerId.cpp
Microsoft (R) Incremental Linker Version 14.21.27702.2
Copyright (C) Microsoft Corporation.  All rights reserved.

/out:CMakeCXXCompilerId.exe 
CMakeCXXCompilerId.obj 


Compilation of the CXX compiler identification source "CMakeCXXCompilerId.cpp" produced "CMakeCXXCompilerId.exe"

Compilation of the CXX compiler identification source "CMakeCXXCompilerId.cpp" produced "CMakeCXXCompilerId.obj"

The CXX compiler identification is MSVC, found in "E:/BaiduNetdiskDownload/study/vio/5/ç¬¬5èŠ‚BA_schur/BA_schur/out/build/x64-Debug/CMakeFiles/3.14.19050301-MSVC_2/CompilerIdCXX/CMakeCXXCompilerId.exe"

Determining if the C compiler works passed with the following output:
Change Dir: E:/BaiduNetdiskDownload/study/vio/5/ç¬¬5èŠ‚BA_schur/BA_schur/out/build/x64-Debug/CMakeFiles/CMakeTmp

Run Build Command(s):C:/Program Files (x86)/Microsoft Visual Studio/2019/Community/Common7/IDE/CommonExtensions/Microsoft/CMake/Ninja/ninja.exe cmTC_5ac08 
[1/2] Building C object CMakeFiles\cmTC_5ac08.dir\testCCompiler.c.obj
[2/2] Linking C executable cmTC_5ac08.exe


Detecting C compiler ABI info compiled with the following output:
Change Dir: E:/BaiduNetdiskDownload/study/vio/5/ç¬¬5èŠ‚BA_schur/BA_schur/out/build/x64-Debug/CMakeFiles/CMakeTmp

Run Build Command(s):C:/Program Files (x86)/Microsoft Visual Studio/2019/Community/Common7/IDE/CommonExtensions/Microsoft/CMake/Ninja/ninja.exe cmTC_dae96 
[1/2] Building C object CMakeFiles\cmTC_dae96.dir\CMakeCCompilerABI.c.obj
[2/2] Linking C executable cmTC_dae96.exe




Detecting C [] compiler features compiled with the following output:
Change Dir: E:/BaiduNetdiskDownload/study/vio/5/ç¬¬5èŠ‚BA_schur/BA_schur/out/build/x64-Debug/CMakeFiles/CMakeTmp

Run Build Command(s):C:/Program Files (x86)/Microsoft Visual Studio/2019/Community/Common7/IDE/CommonExtensions/Microsoft/CMake/Ninja/ninja.exe cmTC_c819d 
[1/2] Building C object CMakeFiles\cmTC_c819d.dir\feature_tests.c.obj
[2/2] Linking C executable cmTC_c819d.exe


    Feature record: C_FEATURE:1c_function_prototypes
    Feature record: C_FEATURE:1c_variadic_macros
Determining if the CXX compiler works passed with the following output:
Change Dir: E:/BaiduNetdiskDownload/study/vio/5/ç¬¬5èŠ‚BA_schur/BA_schur/out/build/x64-Debug/CMakeFiles/CMakeTmp

Run Build Command(s):C:/Program Files (x86)/Microsoft Visual Studio/2019/Community/Common7/IDE/CommonExtensions/Microsoft/CMake/Ninja/ninja.exe cmTC_fcd9d 
[1/2] Building CXX object CMakeFiles\cmTC_fcd9d.dir\testCXXCompiler.cxx.obj
[2/2] Linking CXX executable cmTC_fcd9d.exe


